<?xml version="1.0" encoding="UTF-8"?>
<testng-results ignored="0" total="3" passed="3" failed="0" skipped="0">
  <reporter-output>
  </reporter-output>
  <suite started-at="2023-09-24T00:19:53 EET" name="Default suite" finished-at="2023-09-24T00:19:56 EET" duration-ms="3366">
    <groups>
    </groups>
    <test started-at="2023-09-24T00:19:53 EET" name="Default test" finished-at="2023-09-24T00:19:56 EET" duration-ms="3366">
      <class name="lab">
        <test-method is-config="true" signature="myBeforeTest()[pri:0, instance:lab@19569ebd]" started-at="2023-09-24T00:19:53 EET" name="myBeforeTest" finished-at="2023-09-24T00:19:56 EET" duration-ms="3002" status="PASS">
          <reporter-output>
          </reporter-output>
        </test-method> <!-- myBeforeTest -->
        <test-method signature="myTest1()[pri:0, instance:lab@19569ebd]" started-at="2023-09-24T00:19:56 EET" name="myTest1" finished-at="2023-09-24T00:19:56 EET" duration-ms="225" status="PASS">
          <reporter-output>
          </reporter-output>
        </test-method> <!-- myTest1 -->
        <test-method signature="myTest2()[pri:0, instance:lab@19569ebd]" started-at="2023-09-24T00:19:56 EET" name="myTest2" finished-at="2023-09-24T00:19:56 EET" duration-ms="34" status="PASS">
          <reporter-output>
          </reporter-output>
        </test-method> <!-- myTest2 -->
        <test-method signature="myTest3()[pri:0, instance:lab@19569ebd]" started-at="2023-09-24T00:19:56 EET" name="myTest3" finished-at="2023-09-24T00:19:56 EET" duration-ms="43" status="PASS">
          <reporter-output>
          </reporter-output>
        </test-method> <!-- myTest3 -->
        <test-method is-config="true" signature="MyAfterTest()[pri:0, instance:lab@19569ebd]" started-at="2023-09-24T00:19:56 EET" name="MyAfterTest" finished-at="2023-09-24T00:19:56 EET" duration-ms="1" status="PASS">
          <reporter-output>
          </reporter-output>
        </test-method> <!-- MyAfterTest -->
      </class> <!-- lab -->
    </test> <!-- Default test -->
  </suite> <!-- Default suite -->
</testng-results>
